{"/Users/joelsabu/Desktop/DataBricks/repo-search-test/src/App.js": {"path":"/Users/joelsabu/Desktop/DataBricks/repo-search-test/src/App.js","statementMap":{"0":{"start":{"line":6,"column":4},"end":{"line":9,"column":6}}},"fnMap":{"0":{"name":"App","decl":{"start":{"line":5,"column":9},"end":{"line":5,"column":12}},"loc":{"start":{"line":5,"column":15},"end":{"line":10,"column":1}},"line":5}},"branchMap":{},"s":{"0":2},"f":{"0":2},"b":{},"_coverageSchema":"1a1c01bbd47fc00a2c39e90264f33305004495a9","hash":"86a40b73f708e7e889d89b7065f7dadd0f7971a9"}
,"/Users/joelsabu/Desktop/DataBricks/repo-search-test/src/AppConfig.js": {"path":"/Users/joelsabu/Desktop/DataBricks/repo-search-test/src/AppConfig.js","statementMap":{"0":{"start":{"line":1,"column":24},"end":{"line":4,"column":1}}},"fnMap":{},"branchMap":{},"s":{"0":1},"f":{},"b":{},"_coverageSchema":"1a1c01bbd47fc00a2c39e90264f33305004495a9","hash":"c803f2f53e9caf52432b59ffadecaff279e8c567"}
,"/Users/joelsabu/Desktop/DataBricks/repo-search-test/src/index.js": {"path":"/Users/joelsabu/Desktop/DataBricks/repo-search-test/src/index.js","statementMap":{"0":{"start":{"line":11,"column":14},"end":{"line":20,"column":2}},"1":{"start":{"line":22,"column":0},"end":{"line":30,"column":2}},"2":{"start":{"line":35,"column":0},"end":{"line":35,"column":18}}},"fnMap":{},"branchMap":{},"s":{"0":0,"1":0,"2":0},"f":{},"b":{}}
,"/Users/joelsabu/Desktop/DataBricks/repo-search-test/src/reportWebVitals.js": {"path":"/Users/joelsabu/Desktop/DataBricks/repo-search-test/src/reportWebVitals.js","statementMap":{"0":{"start":{"line":1,"column":24},"end":{"line":11,"column":1}},"1":{"start":{"line":2,"column":2},"end":{"line":10,"column":3}},"2":{"start":{"line":3,"column":4},"end":{"line":9,"column":7}},"3":{"start":{"line":4,"column":6},"end":{"line":4,"column":26}},"4":{"start":{"line":5,"column":6},"end":{"line":5,"column":26}},"5":{"start":{"line":6,"column":6},"end":{"line":6,"column":26}},"6":{"start":{"line":7,"column":6},"end":{"line":7,"column":26}},"7":{"start":{"line":8,"column":6},"end":{"line":8,"column":27}}},"fnMap":{"0":{"name":"(anonymous_0)","decl":{"start":{"line":1,"column":24},"end":{"line":1,"column":25}},"loc":{"start":{"line":1,"column":39},"end":{"line":11,"column":1}},"line":1},"1":{"name":"(anonymous_1)","decl":{"start":{"line":3,"column":30},"end":{"line":3,"column":31}},"loc":{"start":{"line":3,"column":79},"end":{"line":9,"column":5}},"line":3}},"branchMap":{"0":{"loc":{"start":{"line":2,"column":2},"end":{"line":10,"column":3}},"type":"if","locations":[{"start":{"line":2,"column":2},"end":{"line":10,"column":3}},{"start":{},"end":{}}],"line":2},"1":{"loc":{"start":{"line":2,"column":6},"end":{"line":2,"column":52}},"type":"binary-expr","locations":[{"start":{"line":2,"column":6},"end":{"line":2,"column":17}},{"start":{"line":2,"column":21},"end":{"line":2,"column":52}}],"line":2}},"s":{"0":0,"1":0,"2":0,"3":0,"4":0,"5":0,"6":0,"7":0},"f":{"0":0,"1":0},"b":{"0":[0,0],"1":[0,0]}}
,"/Users/joelsabu/Desktop/DataBricks/repo-search-test/src/components/feature/RepoList.js": {"path":"/Users/joelsabu/Desktop/DataBricks/repo-search-test/src/components/feature/RepoList.js","statementMap":{"0":{"start":{"line":14,"column":17},"end":{"line":158,"column":1}},"1":{"start":{"line":15,"column":46},"end":{"line":15,"column":82}},"2":{"start":{"line":17,"column":4},"end":{"line":23,"column":10}},"3":{"start":{"line":19,"column":35},"end":{"line":19,"column":78}},"4":{"start":{"line":20,"column":8},"end":{"line":22,"column":9}},"5":{"start":{"line":21,"column":12},"end":{"line":21,"column":46}},"6":{"start":{"line":26,"column":21},"end":{"line":30,"column":5}},"7":{"start":{"line":27,"column":8},"end":{"line":27,"column":38}},"8":{"start":{"line":28,"column":8},"end":{"line":28,"column":33}},"9":{"start":{"line":29,"column":8},"end":{"line":29,"column":73}},"10":{"start":{"line":33,"column":20},"end":{"line":64,"column":5}},"11":{"start":{"line":65,"column":30},"end":{"line":65,"column":100}},"12":{"start":{"line":66,"column":17},"end":{"line":66,"column":39}},"13":{"start":{"line":67,"column":4},"end":{"line":81,"column":6}},"14":{"start":{"line":68,"column":8},"end":{"line":68,"column":56}},"15":{"start":{"line":69,"column":8},"end":{"line":71,"column":15}},"16":{"start":{"line":72,"column":8},"end":{"line":79,"column":18}},"17":{"start":{"line":74,"column":16},"end":{"line":74,"column":36}},"18":{"start":{"line":75,"column":16},"end":{"line":75,"column":35}},"19":{"start":{"line":80,"column":8},"end":{"line":80,"column":19}},"20":{"start":{"line":82,"column":24},"end":{"line":82,"column":36}},"21":{"start":{"line":83,"column":25},"end":{"line":86,"column":5}},"22":{"start":{"line":84,"column":8},"end":{"line":84,"column":44}},"23":{"start":{"line":85,"column":8},"end":{"line":85,"column":95}},"24":{"start":{"line":87,"column":29},"end":{"line":92,"column":5}},"25":{"start":{"line":88,"column":25},"end":{"line":88,"column":43}},"26":{"start":{"line":89,"column":8},"end":{"line":89,"column":35}},"27":{"start":{"line":90,"column":8},"end":{"line":90,"column":33}},"28":{"start":{"line":91,"column":8},"end":{"line":91,"column":63}},"29":{"start":{"line":95,"column":25},"end":{"line":95,"column":161}},"30":{"start":{"line":96,"column":30},"end":{"line":96,"column":32}},"31":{"start":{"line":97,"column":25},"end":{"line":97,"column":27}},"32":{"start":{"line":98,"column":28},"end":{"line":98,"column":30}},"33":{"start":{"line":99,"column":4},"end":{"line":112,"column":5}},"34":{"start":{"line":100,"column":8},"end":{"line":110,"column":9}},"35":{"start":{"line":101,"column":32},"end":{"line":101,"column":97}},"36":{"start":{"line":102,"column":12},"end":{"line":109,"column":13}},"37":{"start":{"line":103,"column":16},"end":{"line":106,"column":18}},"38":{"start":{"line":104,"column":20},"end":{"line":104,"column":74}},"39":{"start":{"line":105,"column":20},"end":{"line":105,"column":33}},"40":{"start":{"line":107,"column":16},"end":{"line":107,"column":194}},"41":{"start":{"line":108,"column":16},"end":{"line":108,"column":140}},"42":{"start":{"line":113,"column":26},"end":{"line":128,"column":11}},"43":{"start":{"line":130,"column":4},"end":{"line":157,"column":6}},"44":{"start":{"line":150,"column":20},"end":{"line":150,"column":47}}},"fnMap":{"0":{"name":"(anonymous_0)","decl":{"start":{"line":14,"column":17},"end":{"line":14,"column":18}},"loc":{"start":{"line":14,"column":23},"end":{"line":158,"column":1}},"line":14},"1":{"name":"(anonymous_1)","decl":{"start":{"line":17,"column":20},"end":{"line":17,"column":21}},"loc":{"start":{"line":17,"column":26},"end":{"line":23,"column":5}},"line":17},"2":{"name":"(anonymous_2)","decl":{"start":{"line":20,"column":15},"end":{"line":20,"column":16}},"loc":{"start":{"line":20,"column":21},"end":{"line":22,"column":9}},"line":20},"3":{"name":"(anonymous_3)","decl":{"start":{"line":26,"column":21},"end":{"line":26,"column":22}},"loc":{"start":{"line":26,"column":38},"end":{"line":30,"column":5}},"line":26},"4":{"name":"(anonymous_4)","decl":{"start":{"line":67,"column":13},"end":{"line":67,"column":14}},"loc":{"start":{"line":67,"column":20},"end":{"line":81,"column":5}},"line":67},"5":{"name":"(anonymous_5)","decl":{"start":{"line":73,"column":91},"end":{"line":73,"column":92}},"loc":{"start":{"line":73,"column":97},"end":{"line":76,"column":13}},"line":73},"6":{"name":"(anonymous_6)","decl":{"start":{"line":83,"column":25},"end":{"line":83,"column":26}},"loc":{"start":{"line":83,"column":48},"end":{"line":86,"column":5}},"line":83},"7":{"name":"(anonymous_7)","decl":{"start":{"line":87,"column":29},"end":{"line":87,"column":30}},"loc":{"start":{"line":87,"column":40},"end":{"line":92,"column":5}},"line":87},"8":{"name":"(anonymous_8)","decl":{"start":{"line":103,"column":51},"end":{"line":103,"column":52}},"loc":{"start":{"line":103,"column":61},"end":{"line":106,"column":17}},"line":103},"9":{"name":"(anonymous_9)","decl":{"start":{"line":149,"column":29},"end":{"line":149,"column":30}},"loc":{"start":{"line":149,"column":35},"end":{"line":151,"column":17}},"line":149}},"branchMap":{"0":{"loc":{"start":{"line":65,"column":30},"end":{"line":65,"column":100}},"type":"binary-expr","locations":[{"start":{"line":65,"column":30},"end":{"line":65,"column":94}},{"start":{"line":65,"column":98},"end":{"line":65,"column":100}}],"line":65},"1":{"loc":{"start":{"line":68,"column":29},"end":{"line":68,"column":56}},"type":"binary-expr","locations":[{"start":{"line":68,"column":29},"end":{"line":68,"column":50}},{"start":{"line":68,"column":54},"end":{"line":68,"column":56}}],"line":68},"2":{"loc":{"start":{"line":95,"column":25},"end":{"line":95,"column":161}},"type":"cond-expr","locations":[{"start":{"line":95,"column":97},"end":{"line":95,"column":156}},{"start":{"line":95,"column":159},"end":{"line":95,"column":161}}],"line":95},"3":{"loc":{"start":{"line":95,"column":25},"end":{"line":95,"column":94}},"type":"binary-expr","locations":[{"start":{"line":95,"column":25},"end":{"line":95,"column":51}},{"start":{"line":95,"column":55},"end":{"line":95,"column":94}}],"line":95},"4":{"loc":{"start":{"line":100,"column":8},"end":{"line":110,"column":9}},"type":"if","locations":[{"start":{"line":100,"column":8},"end":{"line":110,"column":9}},{"start":{},"end":{}}],"line":100},"5":{"loc":{"start":{"line":100,"column":12},"end":{"line":100,"column":166}},"type":"binary-expr","locations":[{"start":{"line":100,"column":12},"end":{"line":100,"column":37}},{"start":{"line":100,"column":41},"end":{"line":100,"column":67}},{"start":{"line":100,"column":71},"end":{"line":100,"column":103}},{"start":{"line":100,"column":107},"end":{"line":100,"column":166}}],"line":100},"6":{"loc":{"start":{"line":101,"column":32},"end":{"line":101,"column":97}},"type":"binary-expr","locations":[{"start":{"line":101,"column":32},"end":{"line":101,"column":91}},{"start":{"line":101,"column":95},"end":{"line":101,"column":97}}],"line":101},"7":{"loc":{"start":{"line":102,"column":12},"end":{"line":109,"column":13}},"type":"if","locations":[{"start":{"line":102,"column":12},"end":{"line":109,"column":13}},{"start":{},"end":{}}],"line":102},"8":{"loc":{"start":{"line":103,"column":17},"end":{"line":103,"column":45}},"type":"binary-expr","locations":[{"start":{"line":103,"column":17},"end":{"line":103,"column":39}},{"start":{"line":103,"column":43},"end":{"line":103,"column":45}}],"line":103},"9":{"loc":{"start":{"line":107,"column":33},"end":{"line":107,"column":194}},"type":"cond-expr","locations":[{"start":{"line":107,"column":146},"end":{"line":107,"column":189}},{"start":{"line":107,"column":192},"end":{"line":107,"column":194}}],"line":107},"10":{"loc":{"start":{"line":107,"column":33},"end":{"line":107,"column":143}},"type":"binary-expr","locations":[{"start":{"line":107,"column":33},"end":{"line":107,"column":58}},{"start":{"line":107,"column":62},"end":{"line":107,"column":96}},{"start":{"line":107,"column":100},"end":{"line":107,"column":143}}],"line":107},"11":{"loc":{"start":{"line":108,"column":36},"end":{"line":108,"column":140}},"type":"cond-expr","locations":[{"start":{"line":108,"column":102},"end":{"line":108,"column":135}},{"start":{"line":108,"column":138},"end":{"line":108,"column":140}}],"line":108},"12":{"loc":{"start":{"line":108,"column":36},"end":{"line":108,"column":99}},"type":"binary-expr","locations":[{"start":{"line":108,"column":36},"end":{"line":108,"column":62}},{"start":{"line":108,"column":66},"end":{"line":108,"column":99}}],"line":108}},"s":{"0":1,"1":14,"2":14,"3":2,"4":2,"5":2,"6":14,"7":1,"8":1,"9":1,"10":14,"11":14,"12":14,"13":14,"14":0,"15":0,"16":0,"17":0,"18":0,"19":0,"20":14,"21":14,"22":0,"23":0,"24":14,"25":0,"26":0,"27":0,"28":0,"29":14,"30":14,"31":14,"32":14,"33":14,"34":14,"35":0,"36":0,"37":0,"38":0,"39":0,"40":0,"41":0,"42":14,"43":14,"44":0},"f":{"0":14,"1":2,"2":2,"3":1,"4":0,"5":0,"6":0,"7":0,"8":0,"9":0},"b":{"0":[14,0],"1":[0,0],"2":[0,14],"3":[14,14],"4":[0,14],"5":[14,14,14,0],"6":[0,0],"7":[0,0],"8":[0,0],"9":[0,0],"10":[0,0,0],"11":[0,0],"12":[0,0]},"_coverageSchema":"1a1c01bbd47fc00a2c39e90264f33305004495a9","hash":"dbf5e3ba4f4e1e2ca10329cebe3d0b72b174ff03"}
,"/Users/joelsabu/Desktop/DataBricks/repo-search-test/src/components/misc/AppRouter.js": {"path":"/Users/joelsabu/Desktop/DataBricks/repo-search-test/src/components/misc/AppRouter.js","statementMap":{"0":{"start":{"line":9,"column":18},"end":{"line":35,"column":1}},"1":{"start":{"line":10,"column":20},"end":{"line":10,"column":59}},"2":{"start":{"line":13,"column":29},"end":{"line":16,"column":5}},"3":{"start":{"line":19,"column":28},"end":{"line":26,"column":6}},"4":{"start":{"line":20,"column":26},"end":{"line":20,"column":51}},"5":{"start":{"line":21,"column":27},"end":{"line":24,"column":15}},"6":{"start":{"line":25,"column":8},"end":{"line":25,"column":111}},"7":{"start":{"line":28,"column":4},"end":{"line":34,"column":5}}},"fnMap":{"0":{"name":"(anonymous_0)","decl":{"start":{"line":9,"column":18},"end":{"line":9,"column":19}},"loc":{"start":{"line":9,"column":29},"end":{"line":35,"column":1}},"line":9},"1":{"name":"(anonymous_1)","decl":{"start":{"line":19,"column":49},"end":{"line":19,"column":50}},"loc":{"start":{"line":19,"column":73},"end":{"line":26,"column":5}},"line":19}},"branchMap":{"0":{"loc":{"start":{"line":10,"column":20},"end":{"line":10,"column":59}},"type":"binary-expr","locations":[{"start":{"line":10,"column":20},"end":{"line":10,"column":33}},{"start":{"line":10,"column":37},"end":{"line":10,"column":59}}],"line":10}},"s":{"0":1,"1":2,"2":2,"3":2,"4":4,"5":4,"6":4,"7":2},"f":{"0":2,"1":4},"b":{"0":[2,2]},"_coverageSchema":"1a1c01bbd47fc00a2c39e90264f33305004495a9","hash":"09978b1244d0ad9b175af8f055b9dabc6e81cfbf"}
,"/Users/joelsabu/Desktop/DataBricks/repo-search-test/src/components/reusable/Dialog.js": {"path":"/Users/joelsabu/Desktop/DataBricks/repo-search-test/src/components/reusable/Dialog.js","statementMap":{"0":{"start":{"line":12,"column":24},"end":{"line":19,"column":3}},"1":{"start":{"line":12,"column":55},"end":{"line":19,"column":1}},"2":{"start":{"line":21,"column":29},"end":{"line":43,"column":1}},"3":{"start":{"line":22,"column":51},"end":{"line":22,"column":56}},"4":{"start":{"line":24,"column":4},"end":{"line":42,"column":6}},"5":{"start":{"line":35,"column":42},"end":{"line":35,"column":65}},"6":{"start":{"line":45,"column":0},"end":{"line":48,"column":2}},"7":{"start":{"line":51,"column":25},"end":{"line":74,"column":1}},"8":{"start":{"line":52,"column":17},"end":{"line":52,"column":36}},"9":{"start":{"line":53,"column":24},"end":{"line":53,"column":55}},"10":{"start":{"line":55,"column":4},"end":{"line":73,"column":6}},"11":{"start":{"line":76,"column":0},"end":{"line":82,"column":2}}},"fnMap":{"0":{"name":"(anonymous_0)","decl":{"start":{"line":12,"column":39},"end":{"line":12,"column":40}},"loc":{"start":{"line":12,"column":55},"end":{"line":19,"column":1}},"line":12},"1":{"name":"(anonymous_1)","decl":{"start":{"line":21,"column":29},"end":{"line":21,"column":30}},"loc":{"start":{"line":21,"column":40},"end":{"line":43,"column":1}},"line":21},"2":{"name":"(anonymous_2)","decl":{"start":{"line":35,"column":31},"end":{"line":35,"column":32}},"loc":{"start":{"line":35,"column":42},"end":{"line":35,"column":65}},"line":35},"3":{"name":"(anonymous_3)","decl":{"start":{"line":51,"column":25},"end":{"line":51,"column":26}},"loc":{"start":{"line":51,"column":36},"end":{"line":74,"column":1}},"line":51},"4":{"name":"(anonymous_4)","decl":{"start":{"line":53,"column":46},"end":{"line":53,"column":47}},"loc":{"start":{"line":53,"column":52},"end":{"line":53,"column":54}},"line":53}},"branchMap":{"0":{"loc":{"start":{"line":25,"column":46},"end":{"line":25,"column":58}},"type":"binary-expr","locations":[{"start":{"line":25,"column":46},"end":{"line":25,"column":51}},{"start":{"line":25,"column":55},"end":{"line":25,"column":58}}],"line":25},"1":{"loc":{"start":{"line":27,"column":13},"end":{"line":40,"column":20}},"type":"cond-expr","locations":[{"start":{"line":28,"column":16},"end":{"line":39,"column":29}},{"start":{"line":40,"column":16},"end":{"line":40,"column":20}}],"line":27},"2":{"loc":{"start":{"line":52,"column":17},"end":{"line":52,"column":36}},"type":"binary-expr","locations":[{"start":{"line":52,"column":17},"end":{"line":52,"column":27}},{"start":{"line":52,"column":31},"end":{"line":52,"column":36}}],"line":52},"3":{"loc":{"start":{"line":53,"column":24},"end":{"line":53,"column":55}},"type":"binary-expr","locations":[{"start":{"line":53,"column":24},"end":{"line":53,"column":41}},{"start":{"line":53,"column":46},"end":{"line":53,"column":54}}],"line":53},"4":{"loc":{"start":{"line":62,"column":17},"end":{"line":62,"column":39}},"type":"binary-expr","locations":[{"start":{"line":62,"column":17},"end":{"line":62,"column":33}},{"start":{"line":62,"column":37},"end":{"line":62,"column":39}}],"line":62},"5":{"loc":{"start":{"line":65,"column":17},"end":{"line":65,"column":43}},"type":"binary-expr","locations":[{"start":{"line":65,"column":17},"end":{"line":65,"column":34}},{"start":{"line":65,"column":38},"end":{"line":65,"column":43}}],"line":65},"6":{"loc":{"start":{"line":69,"column":21},"end":{"line":69,"column":46}},"type":"binary-expr","locations":[{"start":{"line":69,"column":21},"end":{"line":69,"column":38}},{"start":{"line":69,"column":42},"end":{"line":69,"column":46}}],"line":69}},"s":{"0":1,"1":14,"2":1,"3":0,"4":0,"5":0,"6":1,"7":1,"8":14,"9":14,"10":14,"11":1},"f":{"0":14,"1":0,"2":0,"3":14,"4":0},"b":{"0":[0,0],"1":[0,0],"2":[14,14],"3":[14,0],"4":[14,14],"5":[14,0],"6":[14,0]},"_coverageSchema":"1a1c01bbd47fc00a2c39e90264f33305004495a9","hash":"9d004c431fe90a947c87c057bbb030437f80fb59"}
,"/Users/joelsabu/Desktop/DataBricks/repo-search-test/src/components/reusable/Header.js": {"path":"/Users/joelsabu/Desktop/DataBricks/repo-search-test/src/components/reusable/Header.js","statementMap":{"0":{"start":{"line":9,"column":18},"end":{"line":31,"column":1}},"1":{"start":{"line":11,"column":4},"end":{"line":30,"column":6}}},"fnMap":{"0":{"name":"(anonymous_0)","decl":{"start":{"line":9,"column":18},"end":{"line":9,"column":19}},"loc":{"start":{"line":9,"column":24},"end":{"line":31,"column":1}},"line":9}},"branchMap":{},"s":{"0":1,"1":2},"f":{"0":2},"b":{},"_coverageSchema":"1a1c01bbd47fc00a2c39e90264f33305004495a9","hash":"cb9b7e0fc758fe19fd0262185cdf7c317968f443"}
,"/Users/joelsabu/Desktop/DataBricks/repo-search-test/src/components/reusable/Loader.js": {"path":"/Users/joelsabu/Desktop/DataBricks/repo-search-test/src/components/reusable/Loader.js","statementMap":{"0":{"start":{"line":6,"column":15},"end":{"line":25,"column":1}},"1":{"start":{"line":7,"column":34},"end":{"line":7,"column":53}},"2":{"start":{"line":8,"column":4},"end":{"line":24,"column":5}}},"fnMap":{"0":{"name":"(anonymous_0)","decl":{"start":{"line":6,"column":15},"end":{"line":6,"column":16}},"loc":{"start":{"line":6,"column":21},"end":{"line":25,"column":1}},"line":6},"1":{"name":"(anonymous_1)","decl":{"start":{"line":11,"column":21},"end":{"line":11,"column":22}},"loc":{"start":{"line":11,"column":27},"end":{"line":11,"column":29}},"line":11}},"branchMap":{"0":{"loc":{"start":{"line":9,"column":8},"end":{"line":23,"column":17}},"type":"binary-expr","locations":[{"start":{"line":9,"column":8},"end":{"line":9,"column":25}},{"start":{"line":9,"column":29},"end":{"line":23,"column":17}}],"line":9},"1":{"loc":{"start":{"line":10,"column":18},"end":{"line":10,"column":44}},"type":"binary-expr","locations":[{"start":{"line":10,"column":18},"end":{"line":10,"column":35}},{"start":{"line":10,"column":39},"end":{"line":10,"column":44}}],"line":10}},"s":{"0":0,"1":0,"2":0},"f":{"0":0,"1":0},"b":{"0":[0,0],"1":[0,0]}}
,"/Users/joelsabu/Desktop/DataBricks/repo-search-test/src/components/reusable/SearchBar.js": {"path":"/Users/joelsabu/Desktop/DataBricks/repo-search-test/src/components/reusable/SearchBar.js","statementMap":{"0":{"start":{"line":6,"column":18},"end":{"line":42,"column":1}},"1":{"start":{"line":7,"column":57},"end":{"line":7,"column":62}},"2":{"start":{"line":8,"column":30},"end":{"line":8,"column":63}},"3":{"start":{"line":9,"column":4},"end":{"line":11,"column":5}},"4":{"start":{"line":10,"column":8},"end":{"line":10,"column":29}},"5":{"start":{"line":12,"column":4},"end":{"line":14,"column":5}},"6":{"start":{"line":13,"column":8},"end":{"line":13,"column":40}},"7":{"start":{"line":15,"column":20},"end":{"line":19,"column":5}},"8":{"start":{"line":16,"column":8},"end":{"line":18,"column":9}},"9":{"start":{"line":17,"column":12},"end":{"line":17,"column":27}},"10":{"start":{"line":20,"column":4},"end":{"line":41,"column":6}},"11":{"start":{"line":29,"column":20},"end":{"line":29,"column":44}},"12":{"start":{"line":30,"column":20},"end":{"line":30,"column":55}},"13":{"start":{"line":36,"column":16},"end":{"line":36,"column":31}},"14":{"start":{"line":43,"column":0},"end":{"line":47,"column":2}}},"fnMap":{"0":{"name":"(anonymous_0)","decl":{"start":{"line":6,"column":18},"end":{"line":6,"column":19}},"loc":{"start":{"line":6,"column":29},"end":{"line":42,"column":1}},"line":6},"1":{"name":"(anonymous_1)","decl":{"start":{"line":10,"column":20},"end":{"line":10,"column":21}},"loc":{"start":{"line":10,"column":26},"end":{"line":10,"column":28}},"line":10},"2":{"name":"(anonymous_2)","decl":{"start":{"line":13,"column":31},"end":{"line":13,"column":32}},"loc":{"start":{"line":13,"column":37},"end":{"line":13,"column":39}},"line":13},"3":{"name":"(anonymous_3)","decl":{"start":{"line":15,"column":20},"end":{"line":15,"column":21}},"loc":{"start":{"line":15,"column":27},"end":{"line":19,"column":5}},"line":15},"4":{"name":"(anonymous_4)","decl":{"start":{"line":28,"column":26},"end":{"line":28,"column":27}},"loc":{"start":{"line":28,"column":33},"end":{"line":31,"column":17}},"line":28},"5":{"name":"(anonymous_5)","decl":{"start":{"line":35,"column":86},"end":{"line":35,"column":87}},"loc":{"start":{"line":35,"column":92},"end":{"line":37,"column":13}},"line":35}},"branchMap":{"0":{"loc":{"start":{"line":8,"column":45},"end":{"line":8,"column":62}},"type":"binary-expr","locations":[{"start":{"line":8,"column":45},"end":{"line":8,"column":56}},{"start":{"line":8,"column":60},"end":{"line":8,"column":62}}],"line":8},"1":{"loc":{"start":{"line":9,"column":4},"end":{"line":11,"column":5}},"type":"if","locations":[{"start":{"line":9,"column":4},"end":{"line":11,"column":5}},{"start":{},"end":{}}],"line":9},"2":{"loc":{"start":{"line":12,"column":4},"end":{"line":14,"column":5}},"type":"if","locations":[{"start":{"line":12,"column":4},"end":{"line":14,"column":5}},{"start":{},"end":{}}],"line":12},"3":{"loc":{"start":{"line":16,"column":8},"end":{"line":18,"column":9}},"type":"if","locations":[{"start":{"line":16,"column":8},"end":{"line":18,"column":9}},{"start":{},"end":{}}],"line":16}},"s":{"0":2,"1":22,"2":22,"3":22,"4":8,"5":22,"6":8,"7":22,"8":13,"9":0,"10":22,"11":13,"12":13,"13":1,"14":2},"f":{"0":22,"1":0,"2":4,"3":13,"4":13,"5":1},"b":{"0":[22,11],"1":[8,14],"2":[8,14],"3":[0,13]},"_coverageSchema":"1a1c01bbd47fc00a2c39e90264f33305004495a9","hash":"6e94c4e9dbd902f6acca82e6a149d748dfd3afed"}
,"/Users/joelsabu/Desktop/DataBricks/repo-search-test/src/components/reusable/Table.js": {"path":"/Users/joelsabu/Desktop/DataBricks/repo-search-test/src/components/reusable/Table.js","statementMap":{"0":{"start":{"line":13,"column":24},"end":{"line":21,"column":3}},"1":{"start":{"line":13,"column":58},"end":{"line":21,"column":1}},"2":{"start":{"line":23,"column":23},"end":{"line":31,"column":3}},"3":{"start":{"line":23,"column":56},"end":{"line":31,"column":1}},"4":{"start":{"line":33,"column":24},"end":{"line":111,"column":1}},"5":{"start":{"line":35,"column":20},"end":{"line":35,"column":39}},"6":{"start":{"line":36,"column":17},"end":{"line":36,"column":33}},"7":{"start":{"line":38,"column":4},"end":{"line":110,"column":6}},"8":{"start":{"line":47,"column":40},"end":{"line":53,"column":58}},"9":{"start":{"line":61,"column":36},"end":{"line":73,"column":53}},"10":{"start":{"line":64,"column":48},"end":{"line":70,"column":66}},"11":{"start":{"line":112,"column":0},"end":{"line":124,"column":2}}},"fnMap":{"0":{"name":"(anonymous_0)","decl":{"start":{"line":13,"column":42},"end":{"line":13,"column":43}},"loc":{"start":{"line":13,"column":58},"end":{"line":21,"column":1}},"line":13},"1":{"name":"(anonymous_1)","decl":{"start":{"line":23,"column":40},"end":{"line":23,"column":41}},"loc":{"start":{"line":23,"column":56},"end":{"line":31,"column":1}},"line":23},"2":{"name":"(anonymous_2)","decl":{"start":{"line":33,"column":24},"end":{"line":33,"column":25}},"loc":{"start":{"line":33,"column":35},"end":{"line":111,"column":1}},"line":33},"3":{"name":"(anonymous_3)","decl":{"start":{"line":46,"column":48},"end":{"line":46,"column":49}},"loc":{"start":{"line":46,"column":63},"end":{"line":54,"column":37}},"line":46},"4":{"name":"(anonymous_4)","decl":{"start":{"line":60,"column":41},"end":{"line":60,"column":42}},"loc":{"start":{"line":61,"column":36},"end":{"line":73,"column":53}},"line":61},"5":{"name":"(anonymous_5)","decl":{"start":{"line":63,"column":56},"end":{"line":63,"column":57}},"loc":{"start":{"line":63,"column":71},"end":{"line":71,"column":45}},"line":63},"6":{"name":"(anonymous_6)","decl":{"start":{"line":103,"column":61},"end":{"line":103,"column":62}},"loc":{"start":{"line":103,"column":67},"end":{"line":103,"column":69}},"line":103},"7":{"name":"(anonymous_7)","decl":{"start":{"line":104,"column":72},"end":{"line":104,"column":73}},"loc":{"start":{"line":104,"column":78},"end":{"line":104,"column":80}},"line":104}},"branchMap":{"0":{"loc":{"start":{"line":35,"column":20},"end":{"line":35,"column":39}},"type":"binary-expr","locations":[{"start":{"line":35,"column":20},"end":{"line":35,"column":33}},{"start":{"line":35,"column":37},"end":{"line":35,"column":39}}],"line":35},"1":{"loc":{"start":{"line":36,"column":17},"end":{"line":36,"column":33}},"type":"binary-expr","locations":[{"start":{"line":36,"column":17},"end":{"line":36,"column":27}},{"start":{"line":36,"column":31},"end":{"line":36,"column":33}}],"line":36},"2":{"loc":{"start":{"line":39,"column":44},"end":{"line":39,"column":63}},"type":"binary-expr","locations":[{"start":{"line":39,"column":44},"end":{"line":39,"column":56}},{"start":{"line":39,"column":60},"end":{"line":39,"column":63}}],"line":39},"3":{"loc":{"start":{"line":40,"column":90},"end":{"line":40,"column":109}},"type":"binary-expr","locations":[{"start":{"line":40,"column":90},"end":{"line":40,"column":102}},{"start":{"line":40,"column":106},"end":{"line":40,"column":109}}],"line":40},"4":{"loc":{"start":{"line":49,"column":51},"end":{"line":49,"column":73}},"type":"binary-expr","locations":[{"start":{"line":49,"column":51},"end":{"line":49,"column":63}},{"start":{"line":49,"column":67},"end":{"line":49,"column":73}}],"line":49},"5":{"loc":{"start":{"line":50,"column":60},"end":{"line":50,"column":82}},"type":"binary-expr","locations":[{"start":{"line":50,"column":60},"end":{"line":50,"column":75}},{"start":{"line":50,"column":79},"end":{"line":50,"column":82}}],"line":50},"6":{"loc":{"start":{"line":66,"column":59},"end":{"line":66,"column":81}},"type":"binary-expr","locations":[{"start":{"line":66,"column":59},"end":{"line":66,"column":71}},{"start":{"line":66,"column":75},"end":{"line":66,"column":81}}],"line":66},"7":{"loc":{"start":{"line":67,"column":68},"end":{"line":67,"column":90}},"type":"binary-expr","locations":[{"start":{"line":67,"column":68},"end":{"line":67,"column":83}},{"start":{"line":67,"column":87},"end":{"line":67,"column":90}}],"line":67},"8":{"loc":{"start":{"line":79,"column":17},"end":{"line":93,"column":17}},"type":"binary-expr","locations":[{"start":{"line":79,"column":17},"end":{"line":79,"column":43}},{"start":{"line":80,"column":20},"end":{"line":92,"column":27}}],"line":79},"9":{"loc":{"start":{"line":79,"column":19},"end":{"line":79,"column":42}},"type":"binary-expr","locations":[{"start":{"line":79,"column":19},"end":{"line":79,"column":23}},{"start":{"line":79,"column":27},"end":{"line":79,"column":42}}],"line":79},"10":{"loc":{"start":{"line":90,"column":29},"end":{"line":90,"column":67}},"type":"binary-expr","locations":[{"start":{"line":90,"column":29},"end":{"line":90,"column":48}},{"start":{"line":90,"column":52},"end":{"line":90,"column":67}}],"line":90},"11":{"loc":{"start":{"line":95,"column":13},"end":{"line":107,"column":13}},"type":"binary-expr","locations":[{"start":{"line":95,"column":13},"end":{"line":95,"column":35}},{"start":{"line":96,"column":16},"end":{"line":106,"column":23}}],"line":95},"12":{"loc":{"start":{"line":98,"column":44},"end":{"line":98,"column":84}},"type":"binary-expr","locations":[{"start":{"line":98,"column":44},"end":{"line":98,"column":68}},{"start":{"line":98,"column":72},"end":{"line":98,"column":84}}],"line":98},"13":{"loc":{"start":{"line":100,"column":31},"end":{"line":100,"column":60}},"type":"binary-expr","locations":[{"start":{"line":100,"column":31},"end":{"line":100,"column":45}},{"start":{"line":100,"column":49},"end":{"line":100,"column":60}}],"line":100},"14":{"loc":{"start":{"line":101,"column":37},"end":{"line":101,"column":57}},"type":"binary-expr","locations":[{"start":{"line":101,"column":37},"end":{"line":101,"column":51}},{"start":{"line":101,"column":55},"end":{"line":101,"column":57}}],"line":101},"15":{"loc":{"start":{"line":102,"column":30},"end":{"line":102,"column":45}},"type":"binary-expr","locations":[{"start":{"line":102,"column":30},"end":{"line":102,"column":40}},{"start":{"line":102,"column":44},"end":{"line":102,"column":45}}],"line":102},"16":{"loc":{"start":{"line":103,"column":38},"end":{"line":103,"column":70}},"type":"binary-expr","locations":[{"start":{"line":103,"column":38},"end":{"line":103,"column":56}},{"start":{"line":103,"column":61},"end":{"line":103,"column":69}}],"line":103},"17":{"loc":{"start":{"line":104,"column":45},"end":{"line":104,"column":81}},"type":"binary-expr","locations":[{"start":{"line":104,"column":45},"end":{"line":104,"column":67}},{"start":{"line":104,"column":72},"end":{"line":104,"column":80}}],"line":104}},"s":{"0":2,"1":120,"2":2,"3":0,"4":2,"5":25,"6":25,"7":25,"8":120,"9":0,"10":0,"11":2},"f":{"0":120,"1":0,"2":25,"3":120,"4":0,"5":0,"6":0,"7":0},"b":{"0":[25,1],"1":[25,11],"2":[25,25],"3":[25,25],"4":[120,120],"5":[120,120],"6":[0,0],"7":[0,0],"8":[25,25],"9":[25,25],"10":[25,11],"11":[25,14],"12":[14,0],"13":[14,14],"14":[14,0],"15":[14,14],"16":[14,0],"17":[14,0]},"_coverageSchema":"1a1c01bbd47fc00a2c39e90264f33305004495a9","hash":"ced33dc310a71ad3245596fb2bcc782c7a19c9e3"}
,"/Users/joelsabu/Desktop/DataBricks/repo-search-test/src/services/RepoList.js": {"path":"/Users/joelsabu/Desktop/DataBricks/repo-search-test/src/services/RepoList.js","statementMap":{"0":{"start":{"line":5,"column":28},"end":{"line":18,"column":1}},"1":{"start":{"line":20,"column":12},"end":{"line":20,"column":43}},"2":{"start":{"line":21,"column":23},"end":{"line":21,"column":49}},"3":{"start":{"line":23,"column":23},"end":{"line":23,"column":48}},"4":{"start":{"line":28,"column":36},"end":{"line":34,"column":1}},"5":{"start":{"line":29,"column":4},"end":{"line":32,"column":5}},"6":{"start":{"line":33,"column":4},"end":{"line":33,"column":23}},"7":{"start":{"line":39,"column":31},"end":{"line":45,"column":1}},"8":{"start":{"line":40,"column":4},"end":{"line":43,"column":5}},"9":{"start":{"line":44,"column":4},"end":{"line":44,"column":23}},"10":{"start":{"line":50,"column":33},"end":{"line":56,"column":1}},"11":{"start":{"line":51,"column":4},"end":{"line":54,"column":5}},"12":{"start":{"line":55,"column":4},"end":{"line":55,"column":23}},"13":{"start":{"line":61,"column":33},"end":{"line":70,"column":1}},"14":{"start":{"line":62,"column":4},"end":{"line":68,"column":5}},"15":{"start":{"line":69,"column":4},"end":{"line":69,"column":23}},"16":{"start":{"line":75,"column":38},"end":{"line":84,"column":1}},"17":{"start":{"line":76,"column":4},"end":{"line":82,"column":5}},"18":{"start":{"line":83,"column":4},"end":{"line":83,"column":23}},"19":{"start":{"line":93,"column":28},"end":{"line":137,"column":1}},"20":{"start":{"line":94,"column":4},"end":{"line":136,"column":5}},"21":{"start":{"line":95,"column":8},"end":{"line":135,"column":9}},"22":{"start":{"line":96,"column":25},"end":{"line":102,"column":13}},"23":{"start":{"line":103,"column":22},"end":{"line":103,"column":54}},"24":{"start":{"line":104,"column":12},"end":{"line":121,"column":18}},"25":{"start":{"line":106,"column":20},"end":{"line":116,"column":21}},"26":{"start":{"line":117,"column":20},"end":{"line":117,"column":39}},"27":{"start":{"line":120,"column":20},"end":{"line":120,"column":81}},"28":{"start":{"line":123,"column":12},"end":{"line":133,"column":13}},"29":{"start":{"line":134,"column":12},"end":{"line":134,"column":31}},"30":{"start":{"line":142,"column":30},"end":{"line":162,"column":1}},"31":{"start":{"line":143,"column":17},"end":{"line":143,"column":19}},"32":{"start":{"line":144,"column":15},"end":{"line":144,"column":47}},"33":{"start":{"line":145,"column":4},"end":{"line":161,"column":10}},"34":{"start":{"line":147,"column":37},"end":{"line":147,"column":96}},"35":{"start":{"line":148,"column":12},"end":{"line":148,"column":58}},"36":{"start":{"line":149,"column":12},"end":{"line":155,"column":13}},"37":{"start":{"line":156,"column":12},"end":{"line":156,"column":31}},"38":{"start":{"line":157,"column":12},"end":{"line":157,"column":22}},"39":{"start":{"line":160,"column":12},"end":{"line":160,"column":101}},"40":{"start":{"line":168,"column":36},"end":{"line":194,"column":1}},"41":{"start":{"line":169,"column":17},"end":{"line":172,"column":5}},"42":{"start":{"line":173,"column":14},"end":{"line":173,"column":53}},"43":{"start":{"line":174,"column":4},"end":{"line":193,"column":10}},"44":{"start":{"line":176,"column":12},"end":{"line":189,"column":13}},"45":{"start":{"line":177,"column":35},"end":{"line":177,"column":45}},"46":{"start":{"line":178,"column":41},"end":{"line":178,"column":100}},"47":{"start":{"line":179,"column":16},"end":{"line":179,"column":61}},"48":{"start":{"line":180,"column":16},"end":{"line":186,"column":17}},"49":{"start":{"line":187,"column":16},"end":{"line":187,"column":35}},"50":{"start":{"line":188,"column":16},"end":{"line":188,"column":36}},"51":{"start":{"line":192,"column":12},"end":{"line":192,"column":101}},"52":{"start":{"line":200,"column":32},"end":{"line":223,"column":1}},"53":{"start":{"line":201,"column":17},"end":{"line":204,"column":5}},"54":{"start":{"line":205,"column":14},"end":{"line":205,"column":77}},"55":{"start":{"line":206,"column":4},"end":{"line":222,"column":10}},"56":{"start":{"line":208,"column":37},"end":{"line":208,"column":96}},"57":{"start":{"line":209,"column":12},"end":{"line":209,"column":51}},"58":{"start":{"line":210,"column":12},"end":{"line":216,"column":13}},"59":{"start":{"line":217,"column":12},"end":{"line":217,"column":31}},"60":{"start":{"line":218,"column":12},"end":{"line":218,"column":22}},"61":{"start":{"line":221,"column":12},"end":{"line":221,"column":101}},"62":{"start":{"line":232,"column":30},"end":{"line":244,"column":1}},"63":{"start":{"line":233,"column":4},"end":{"line":243,"column":5}},"64":{"start":{"line":234,"column":8},"end":{"line":240,"column":10}},"65":{"start":{"line":235,"column":12},"end":{"line":239,"column":14}},"66":{"start":{"line":236,"column":16},"end":{"line":238,"column":18}},"67":{"start":{"line":237,"column":20},"end":{"line":237,"column":46}},"68":{"start":{"line":242,"column":8},"end":{"line":242,"column":34}}},"fnMap":{"0":{"name":"(anonymous_0)","decl":{"start":{"line":28,"column":36},"end":{"line":28,"column":37}},"loc":{"start":{"line":28,"column":59},"end":{"line":34,"column":1}},"line":28},"1":{"name":"(anonymous_1)","decl":{"start":{"line":39,"column":31},"end":{"line":39,"column":32}},"loc":{"start":{"line":39,"column":49},"end":{"line":45,"column":1}},"line":39},"2":{"name":"(anonymous_2)","decl":{"start":{"line":50,"column":33},"end":{"line":50,"column":34}},"loc":{"start":{"line":50,"column":53},"end":{"line":56,"column":1}},"line":50},"3":{"name":"(anonymous_3)","decl":{"start":{"line":61,"column":33},"end":{"line":61,"column":34}},"loc":{"start":{"line":61,"column":44},"end":{"line":70,"column":1}},"line":61},"4":{"name":"(anonymous_4)","decl":{"start":{"line":75,"column":38},"end":{"line":75,"column":39}},"loc":{"start":{"line":75,"column":54},"end":{"line":84,"column":1}},"line":75},"5":{"name":"(anonymous_5)","decl":{"start":{"line":93,"column":28},"end":{"line":93,"column":29}},"loc":{"start":{"line":93,"column":83},"end":{"line":137,"column":1}},"line":93},"6":{"name":"(anonymous_6)","decl":{"start":{"line":105,"column":22},"end":{"line":105,"column":23}},"loc":{"start":{"line":105,"column":35},"end":{"line":118,"column":17}},"line":105},"7":{"name":"(anonymous_7)","decl":{"start":{"line":119,"column":23},"end":{"line":119,"column":24}},"loc":{"start":{"line":119,"column":34},"end":{"line":121,"column":17}},"line":119},"8":{"name":"(anonymous_8)","decl":{"start":{"line":142,"column":30},"end":{"line":142,"column":31}},"loc":{"start":{"line":142,"column":81},"end":{"line":162,"column":1}},"line":142},"9":{"name":"(anonymous_9)","decl":{"start":{"line":142,"column":68},"end":{"line":142,"column":69}},"loc":{"start":{"line":142,"column":74},"end":{"line":142,"column":76}},"line":142},"10":{"name":"(anonymous_10)","decl":{"start":{"line":146,"column":14},"end":{"line":146,"column":15}},"loc":{"start":{"line":146,"column":30},"end":{"line":158,"column":9}},"line":146},"11":{"name":"(anonymous_11)","decl":{"start":{"line":159,"column":15},"end":{"line":159,"column":16}},"loc":{"start":{"line":159,"column":26},"end":{"line":161,"column":9}},"line":159},"12":{"name":"(anonymous_12)","decl":{"start":{"line":168,"column":36},"end":{"line":168,"column":37}},"loc":{"start":{"line":168,"column":75},"end":{"line":194,"column":1}},"line":168},"13":{"name":"(anonymous_13)","decl":{"start":{"line":168,"column":62},"end":{"line":168,"column":63}},"loc":{"start":{"line":168,"column":68},"end":{"line":168,"column":70}},"line":168},"14":{"name":"(anonymous_14)","decl":{"start":{"line":175,"column":14},"end":{"line":175,"column":15}},"loc":{"start":{"line":175,"column":27},"end":{"line":190,"column":9}},"line":175},"15":{"name":"(anonymous_15)","decl":{"start":{"line":191,"column":15},"end":{"line":191,"column":16}},"loc":{"start":{"line":191,"column":26},"end":{"line":193,"column":9}},"line":191},"16":{"name":"(anonymous_16)","decl":{"start":{"line":200,"column":32},"end":{"line":200,"column":33}},"loc":{"start":{"line":200,"column":71},"end":{"line":223,"column":1}},"line":200},"17":{"name":"(anonymous_17)","decl":{"start":{"line":200,"column":58},"end":{"line":200,"column":59}},"loc":{"start":{"line":200,"column":64},"end":{"line":200,"column":66}},"line":200},"18":{"name":"(anonymous_18)","decl":{"start":{"line":207,"column":14},"end":{"line":207,"column":15}},"loc":{"start":{"line":207,"column":27},"end":{"line":219,"column":9}},"line":207},"19":{"name":"(anonymous_19)","decl":{"start":{"line":220,"column":15},"end":{"line":220,"column":16}},"loc":{"start":{"line":220,"column":26},"end":{"line":222,"column":9}},"line":220},"20":{"name":"(anonymous_20)","decl":{"start":{"line":232,"column":30},"end":{"line":232,"column":31}},"loc":{"start":{"line":232,"column":48},"end":{"line":244,"column":1}},"line":232},"21":{"name":"(anonymous_21)","decl":{"start":{"line":234,"column":39},"end":{"line":234,"column":40}},"loc":{"start":{"line":234,"column":45},"end":{"line":240,"column":9}},"line":234},"22":{"name":"(anonymous_22)","decl":{"start":{"line":235,"column":47},"end":{"line":235,"column":48}},"loc":{"start":{"line":235,"column":63},"end":{"line":239,"column":13}},"line":235},"23":{"name":"(anonymous_23)","decl":{"start":{"line":236,"column":57},"end":{"line":236,"column":58}},"loc":{"start":{"line":236,"column":63},"end":{"line":238,"column":17}},"line":236}},"branchMap":{"0":{"loc":{"start":{"line":93,"column":61},"end":{"line":93,"column":78}},"type":"default-arg","locations":[{"start":{"line":93,"column":73},"end":{"line":93,"column":78}}],"line":93},"1":{"loc":{"start":{"line":94,"column":4},"end":{"line":136,"column":5}},"type":"if","locations":[{"start":{"line":94,"column":4},"end":{"line":136,"column":5}},{"start":{},"end":{}}],"line":94},"2":{"loc":{"start":{"line":94,"column":8},"end":{"line":94,"column":109}},"type":"binary-expr","locations":[{"start":{"line":94,"column":8},"end":{"line":94,"column":17}},{"start":{"line":94,"column":21},"end":{"line":94,"column":109}}],"line":94},"3":{"loc":{"start":{"line":94,"column":23},"end":{"line":94,"column":108}},"type":"binary-expr","locations":[{"start":{"line":94,"column":23},"end":{"line":94,"column":55}},{"start":{"line":94,"column":59},"end":{"line":94,"column":108}}],"line":94},"4":{"loc":{"start":{"line":95,"column":8},"end":{"line":135,"column":9}},"type":"if","locations":[{"start":{"line":95,"column":8},"end":{"line":135,"column":9}},{"start":{"line":122,"column":15},"end":{"line":135,"column":9}}],"line":95},"5":{"loc":{"start":{"line":112,"column":46},"end":{"line":112,"column":98}},"type":"binary-expr","locations":[{"start":{"line":112,"column":46},"end":{"line":112,"column":62}},{"start":{"line":112,"column":66},"end":{"line":112,"column":98}}],"line":112},"6":{"loc":{"start":{"line":114,"column":40},"end":{"line":114,"column":99}},"type":"binary-expr","locations":[{"start":{"line":114,"column":40},"end":{"line":114,"column":62}},{"start":{"line":114,"column":66},"end":{"line":114,"column":99}}],"line":114},"7":{"loc":{"start":{"line":142,"column":57},"end":{"line":142,"column":76}},"type":"default-arg","locations":[{"start":{"line":142,"column":68},"end":{"line":142,"column":76}}],"line":142},"8":{"loc":{"start":{"line":144,"column":15},"end":{"line":144,"column":47}},"type":"binary-expr","locations":[{"start":{"line":144,"column":15},"end":{"line":144,"column":41}},{"start":{"line":144,"column":45},"end":{"line":144,"column":47}}],"line":144},"9":{"loc":{"start":{"line":147,"column":55},"end":{"line":147,"column":95}},"type":"binary-expr","locations":[{"start":{"line":147,"column":55},"end":{"line":147,"column":89}},{"start":{"line":147,"column":93},"end":{"line":147,"column":95}}],"line":147},"10":{"loc":{"start":{"line":168,"column":51},"end":{"line":168,"column":70}},"type":"default-arg","locations":[{"start":{"line":168,"column":62},"end":{"line":168,"column":70}}],"line":168},"11":{"loc":{"start":{"line":173,"column":15},"end":{"line":173,"column":46}},"type":"binary-expr","locations":[{"start":{"line":173,"column":15},"end":{"line":173,"column":40}},{"start":{"line":173,"column":44},"end":{"line":173,"column":46}}],"line":173},"12":{"loc":{"start":{"line":176,"column":12},"end":{"line":189,"column":13}},"type":"if","locations":[{"start":{"line":176,"column":12},"end":{"line":189,"column":13}},{"start":{},"end":{}}],"line":176},"13":{"loc":{"start":{"line":176,"column":16},"end":{"line":176,"column":45}},"type":"binary-expr","locations":[{"start":{"line":176,"column":16},"end":{"line":176,"column":23}},{"start":{"line":176,"column":27},"end":{"line":176,"column":45}}],"line":176},"14":{"loc":{"start":{"line":178,"column":59},"end":{"line":178,"column":99}},"type":"binary-expr","locations":[{"start":{"line":178,"column":59},"end":{"line":178,"column":93}},{"start":{"line":178,"column":97},"end":{"line":178,"column":99}}],"line":178},"15":{"loc":{"start":{"line":200,"column":47},"end":{"line":200,"column":66}},"type":"default-arg","locations":[{"start":{"line":200,"column":58},"end":{"line":200,"column":66}}],"line":200},"16":{"loc":{"start":{"line":205,"column":15},"end":{"line":205,"column":48}},"type":"binary-expr","locations":[{"start":{"line":205,"column":15},"end":{"line":205,"column":42}},{"start":{"line":205,"column":46},"end":{"line":205,"column":48}}],"line":205},"17":{"loc":{"start":{"line":208,"column":55},"end":{"line":208,"column":95}},"type":"binary-expr","locations":[{"start":{"line":208,"column":55},"end":{"line":208,"column":89}},{"start":{"line":208,"column":93},"end":{"line":208,"column":95}}],"line":208},"18":{"loc":{"start":{"line":233,"column":4},"end":{"line":243,"column":5}},"type":"if","locations":[{"start":{"line":233,"column":4},"end":{"line":243,"column":5}},{"start":{"line":241,"column":11},"end":{"line":243,"column":5}}],"line":233}},"s":{"0":1,"1":1,"2":1,"3":1,"4":1,"5":0,"6":0,"7":1,"8":0,"9":0,"10":1,"11":10,"12":10,"13":1,"14":0,"15":0,"16":1,"17":1,"18":1,"19":1,"20":1,"21":1,"22":1,"23":1,"24":1,"25":0,"26":0,"27":0,"28":0,"29":0,"30":1,"31":0,"32":0,"33":0,"34":0,"35":0,"36":0,"37":0,"38":0,"39":0,"40":1,"41":0,"42":0,"43":0,"44":0,"45":0,"46":0,"47":0,"48":0,"49":0,"50":0,"51":0,"52":1,"53":0,"54":0,"55":0,"56":0,"57":0,"58":0,"59":0,"60":0,"61":0,"62":1,"63":0,"64":0,"65":0,"66":0,"67":0,"68":0},"f":{"0":0,"1":0,"2":10,"3":0,"4":1,"5":1,"6":0,"7":0,"8":0,"9":0,"10":0,"11":0,"12":0,"13":0,"14":0,"15":0,"16":0,"17":0,"18":0,"19":0,"20":0,"21":0,"22":0,"23":0},"b":{"0":[0],"1":[1,0],"2":[1,0],"3":[0,0],"4":[1,0],"5":[0,0],"6":[0,0],"7":[0],"8":[0,0],"9":[0,0],"10":[0],"11":[0,0],"12":[0,0],"13":[0,0],"14":[0,0],"15":[0],"16":[0,0],"17":[0,0],"18":[0,0]},"_coverageSchema":"1a1c01bbd47fc00a2c39e90264f33305004495a9","hash":"55b950c9da22a5a8309b81a31b8b7e3524a5d73f"}
,"/Users/joelsabu/Desktop/DataBricks/repo-search-test/src/utils/Api.js": {"path":"/Users/joelsabu/Desktop/DataBricks/repo-search-test/src/utils/Api.js","statementMap":{"0":{"start":{"line":4,"column":19},"end":{"line":10,"column":1}},"1":{"start":{"line":5,"column":20},"end":{"line":8,"column":5}},"2":{"start":{"line":9,"column":4},"end":{"line":9,"column":18}},"3":{"start":{"line":17,"column":4},"end":{"line":46,"column":5}},"4":{"start":{"line":18,"column":22},"end":{"line":18,"column":34}},"5":{"start":{"line":19,"column":24},"end":{"line":19,"column":59}},"6":{"start":{"line":20,"column":22},"end":{"line":20,"column":46}},"7":{"start":{"line":21,"column":20},"end":{"line":21,"column":36}},"8":{"start":{"line":22,"column":28},"end":{"line":24,"column":53}},"9":{"start":{"line":26,"column":23},"end":{"line":26,"column":47}},"10":{"start":{"line":28,"column":8},"end":{"line":30,"column":9}},"11":{"start":{"line":29,"column":12},"end":{"line":29,"column":25}},"12":{"start":{"line":32,"column":30},"end":{"line":37,"column":9}},"13":{"start":{"line":39,"column":20},"end":{"line":39,"column":31}},"14":{"start":{"line":40,"column":8},"end":{"line":40,"column":46}},"15":{"start":{"line":41,"column":8},"end":{"line":41,"column":19}},"16":{"start":{"line":43,"column":8},"end":{"line":45,"column":9}},"17":{"start":{"line":44,"column":12},"end":{"line":44,"column":51}},"18":{"start":{"line":55,"column":4},"end":{"line":84,"column":5}},"19":{"start":{"line":56,"column":22},"end":{"line":56,"column":34}},"20":{"start":{"line":57,"column":21},"end":{"line":57,"column":84}},"21":{"start":{"line":58,"column":24},"end":{"line":58,"column":72}},"22":{"start":{"line":59,"column":22},"end":{"line":59,"column":46}},"23":{"start":{"line":60,"column":20},"end":{"line":60,"column":36}},"24":{"start":{"line":61,"column":28},"end":{"line":63,"column":53}},"25":{"start":{"line":64,"column":23},"end":{"line":64,"column":47}},"26":{"start":{"line":66,"column":8},"end":{"line":68,"column":9}},"27":{"start":{"line":67,"column":12},"end":{"line":67,"column":25}},"28":{"start":{"line":70,"column":30},"end":{"line":75,"column":9}},"29":{"start":{"line":77,"column":20},"end":{"line":77,"column":31}},"30":{"start":{"line":78,"column":8},"end":{"line":78,"column":46}},"31":{"start":{"line":79,"column":8},"end":{"line":79,"column":19}},"32":{"start":{"line":81,"column":8},"end":{"line":83,"column":9}},"33":{"start":{"line":82,"column":12},"end":{"line":82,"column":51}},"34":{"start":{"line":87,"column":21},"end":{"line":90,"column":1}}},"fnMap":{"0":{"name":"(anonymous_0)","decl":{"start":{"line":4,"column":19},"end":{"line":4,"column":20}},"loc":{"start":{"line":4,"column":25},"end":{"line":10,"column":1}},"line":4},"1":{"name":"_get","decl":{"start":{"line":12,"column":15},"end":{"line":12,"column":19}},"loc":{"start":{"line":16,"column":2},"end":{"line":47,"column":1}},"line":16},"2":{"name":"_post","decl":{"start":{"line":49,"column":15},"end":{"line":49,"column":20}},"loc":{"start":{"line":54,"column":2},"end":{"line":85,"column":1}},"line":54}},"branchMap":{"0":{"loc":{"start":{"line":15,"column":4},"end":{"line":15,"column":21}},"type":"default-arg","locations":[{"start":{"line":15,"column":17},"end":{"line":15,"column":21}}],"line":15},"1":{"loc":{"start":{"line":22,"column":28},"end":{"line":24,"column":53}},"type":"cond-expr","locations":[{"start":{"line":23,"column":14},"end":{"line":23,"column":39}},{"start":{"line":24,"column":14},"end":{"line":24,"column":53}}],"line":22},"2":{"loc":{"start":{"line":28,"column":8},"end":{"line":30,"column":9}},"type":"if","locations":[{"start":{"line":28,"column":8},"end":{"line":30,"column":9}},{"start":{},"end":{}}],"line":28},"3":{"loc":{"start":{"line":34,"column":21},"end":{"line":34,"column":61}},"type":"binary-expr","locations":[{"start":{"line":34,"column":21},"end":{"line":34,"column":35}},{"start":{"line":34,"column":39},"end":{"line":34,"column":61}}],"line":34},"4":{"loc":{"start":{"line":35,"column":18},"end":{"line":35,"column":35}},"type":"binary-expr","locations":[{"start":{"line":35,"column":18},"end":{"line":35,"column":29}},{"start":{"line":35,"column":33},"end":{"line":35,"column":35}}],"line":35},"5":{"loc":{"start":{"line":36,"column":18},"end":{"line":36,"column":35}},"type":"binary-expr","locations":[{"start":{"line":36,"column":18},"end":{"line":36,"column":29}},{"start":{"line":36,"column":33},"end":{"line":36,"column":35}}],"line":36},"6":{"loc":{"start":{"line":43,"column":8},"end":{"line":45,"column":9}},"type":"if","locations":[{"start":{"line":43,"column":8},"end":{"line":45,"column":9}},{"start":{},"end":{}}],"line":43},"7":{"loc":{"start":{"line":44,"column":18},"end":{"line":44,"column":51}},"type":"binary-expr","locations":[{"start":{"line":44,"column":18},"end":{"line":44,"column":31}},{"start":{"line":44,"column":35},"end":{"line":44,"column":51}}],"line":44},"8":{"loc":{"start":{"line":53,"column":4},"end":{"line":53,"column":21}},"type":"default-arg","locations":[{"start":{"line":53,"column":17},"end":{"line":53,"column":21}}],"line":53},"9":{"loc":{"start":{"line":57,"column":21},"end":{"line":57,"column":84}},"type":"cond-expr","locations":[{"start":{"line":57,"column":51},"end":{"line":57,"column":74}},{"start":{"line":57,"column":77},"end":{"line":57,"column":84}}],"line":57},"10":{"loc":{"start":{"line":61,"column":28},"end":{"line":63,"column":53}},"type":"cond-expr","locations":[{"start":{"line":62,"column":14},"end":{"line":62,"column":39}},{"start":{"line":63,"column":14},"end":{"line":63,"column":53}}],"line":61},"11":{"loc":{"start":{"line":66,"column":8},"end":{"line":68,"column":9}},"type":"if","locations":[{"start":{"line":66,"column":8},"end":{"line":68,"column":9}},{"start":{},"end":{}}],"line":66},"12":{"loc":{"start":{"line":72,"column":21},"end":{"line":72,"column":61}},"type":"binary-expr","locations":[{"start":{"line":72,"column":21},"end":{"line":72,"column":35}},{"start":{"line":72,"column":39},"end":{"line":72,"column":61}}],"line":72},"13":{"loc":{"start":{"line":73,"column":18},"end":{"line":73,"column":35}},"type":"binary-expr","locations":[{"start":{"line":73,"column":18},"end":{"line":73,"column":29}},{"start":{"line":73,"column":33},"end":{"line":73,"column":35}}],"line":73},"14":{"loc":{"start":{"line":74,"column":18},"end":{"line":74,"column":35}},"type":"binary-expr","locations":[{"start":{"line":74,"column":18},"end":{"line":74,"column":29}},{"start":{"line":74,"column":33},"end":{"line":74,"column":35}}],"line":74},"15":{"loc":{"start":{"line":81,"column":8},"end":{"line":83,"column":9}},"type":"if","locations":[{"start":{"line":81,"column":8},"end":{"line":83,"column":9}},{"start":{},"end":{}}],"line":81},"16":{"loc":{"start":{"line":82,"column":18},"end":{"line":82,"column":51}},"type":"binary-expr","locations":[{"start":{"line":82,"column":18},"end":{"line":82,"column":31}},{"start":{"line":82,"column":35},"end":{"line":82,"column":51}}],"line":82}},"s":{"0":1,"1":1,"2":1,"3":1,"4":1,"5":1,"6":1,"7":1,"8":1,"9":0,"10":0,"11":0,"12":0,"13":0,"14":0,"15":0,"16":0,"17":0,"18":0,"19":0,"20":0,"21":0,"22":0,"23":0,"24":0,"25":0,"26":0,"27":0,"28":0,"29":0,"30":0,"31":0,"32":0,"33":0,"34":1},"f":{"0":1,"1":1,"2":0},"b":{"0":[1],"1":[0,1],"2":[0,0],"3":[0,0],"4":[0,0],"5":[0,0],"6":[0,0],"7":[0,0],"8":[0],"9":[0,0],"10":[0,0],"11":[0,0],"12":[0,0],"13":[0,0],"14":[0,0],"15":[0,0],"16":[0,0]},"_coverageSchema":"1a1c01bbd47fc00a2c39e90264f33305004495a9","hash":"4fcf83ec77069fabfe6b5240e2cdc1e10c35f1e7"}
,"/Users/joelsabu/Desktop/DataBricks/repo-search-test/src/utils/Utility.js": {"path":"/Users/joelsabu/Desktop/DataBricks/repo-search-test/src/utils/Utility.js","statementMap":{"0":{"start":{"line":3,"column":32},"end":{"line":11,"column":1}},"1":{"start":{"line":4,"column":26},"end":{"line":4,"column":28}},"2":{"start":{"line":5,"column":4},"end":{"line":9,"column":5}},"3":{"start":{"line":6,"column":8},"end":{"line":8,"column":9}},"4":{"start":{"line":10,"column":4},"end":{"line":10,"column":34}},"5":{"start":{"line":13,"column":25},"end":{"line":34,"column":1}},"6":{"start":{"line":14,"column":17},"end":{"line":14,"column":21}},"7":{"start":{"line":15,"column":4},"end":{"line":33,"column":10}},"8":{"start":{"line":26,"column":16},"end":{"line":26,"column":68}},"9":{"start":{"line":27,"column":16},"end":{"line":27,"column":70}}},"fnMap":{"0":{"name":"(anonymous_0)","decl":{"start":{"line":3,"column":32},"end":{"line":3,"column":33}},"loc":{"start":{"line":3,"column":41},"end":{"line":11,"column":1}},"line":3},"1":{"name":"(anonymous_1)","decl":{"start":{"line":13,"column":25},"end":{"line":13,"column":26}},"loc":{"start":{"line":13,"column":58},"end":{"line":34,"column":1}},"line":13},"2":{"name":"(anonymous_2)","decl":{"start":{"line":25,"column":20},"end":{"line":25,"column":21}},"loc":{"start":{"line":25,"column":31},"end":{"line":28,"column":13}},"line":25}},"branchMap":{"0":{"loc":{"start":{"line":13,"column":41},"end":{"line":13,"column":53}},"type":"default-arg","locations":[{"start":{"line":13,"column":49},"end":{"line":13,"column":53}}],"line":13}},"s":{"0":1,"1":1,"2":1,"3":5,"4":1,"5":1,"6":0,"7":0,"8":0,"9":0},"f":{"0":1,"1":0,"2":0},"b":{"0":[0]},"_coverageSchema":"1a1c01bbd47fc00a2c39e90264f33305004495a9","hash":"426d88c7972950defc8b014bcf5ec4cfe6027fbd"}
}
