TN:
SF:src/App.js
FN:5,App
FNF:1
FNH:1
FNDA:2,App
DA:6,2
LF:1
LH:1
BRF:0
BRH:0
end_of_record
TN:
SF:src/AppConfig.js
FNF:0
FNH:0
DA:1,1
LF:1
LH:1
BRF:0
BRH:0
end_of_record
TN:
SF:src/index.js
FNF:0
FNH:0
DA:11,0
DA:22,0
DA:35,0
LF:3
LH:0
BRF:0
BRH:0
end_of_record
TN:
SF:src/reportWebVitals.js
FN:1,(anonymous_0)
FN:3,(anonymous_1)
FNF:2
FNH:0
FNDA:0,(anonymous_0)
FNDA:0,(anonymous_1)
DA:1,0
DA:2,0
DA:3,0
DA:4,0
DA:5,0
DA:6,0
DA:7,0
DA:8,0
LF:8
LH:0
BRDA:2,0,0,0
BRDA:2,0,1,0
BRDA:2,1,0,0
BRDA:2,1,1,0
BRF:4
BRH:0
end_of_record
TN:
SF:src/components/feature/RepoList.js
FN:14,(anonymous_0)
FN:17,(anonymous_1)
FN:20,(anonymous_2)
FN:26,(anonymous_3)
FN:67,(anonymous_4)
FN:73,(anonymous_5)
FN:83,(anonymous_6)
FN:87,(anonymous_7)
FN:103,(anonymous_8)
FN:149,(anonymous_9)
FNF:10
FNH:4
FNDA:14,(anonymous_0)
FNDA:2,(anonymous_1)
FNDA:2,(anonymous_2)
FNDA:1,(anonymous_3)
FNDA:0,(anonymous_4)
FNDA:0,(anonymous_5)
FNDA:0,(anonymous_6)
FNDA:0,(anonymous_7)
FNDA:0,(anonymous_8)
FNDA:0,(anonymous_9)
DA:14,1
DA:15,14
DA:17,14
DA:19,2
DA:20,2
DA:21,2
DA:26,14
DA:27,1
DA:28,1
DA:29,1
DA:33,14
DA:65,14
DA:66,14
DA:67,14
DA:68,0
DA:69,0
DA:72,0
DA:74,0
DA:75,0
DA:80,0
DA:82,14
DA:83,14
DA:84,0
DA:85,0
DA:87,14
DA:88,0
DA:89,0
DA:90,0
DA:91,0
DA:95,14
DA:96,14
DA:97,14
DA:98,14
DA:99,14
DA:100,14
DA:101,0
DA:102,0
DA:103,0
DA:104,0
DA:105,0
DA:107,0
DA:108,0
DA:113,14
DA:130,14
DA:150,0
LF:45
LH:25
BRDA:65,0,0,14
BRDA:65,0,1,0
BRDA:68,1,0,0
BRDA:68,1,1,0
BRDA:95,2,0,0
BRDA:95,2,1,14
BRDA:95,3,0,14
BRDA:95,3,1,14
BRDA:100,4,0,0
BRDA:100,4,1,14
BRDA:100,5,0,14
BRDA:100,5,1,14
BRDA:100,5,2,14
BRDA:100,5,3,0
BRDA:101,6,0,0
BRDA:101,6,1,0
BRDA:102,7,0,0
BRDA:102,7,1,0
BRDA:103,8,0,0
BRDA:103,8,1,0
BRDA:107,9,0,0
BRDA:107,9,1,0
BRDA:107,10,0,0
BRDA:107,10,1,0
BRDA:107,10,2,0
BRDA:108,11,0,0
BRDA:108,11,1,0
BRDA:108,12,0,0
BRDA:108,12,1,0
BRF:29
BRH:8
end_of_record
TN:
SF:src/components/misc/AppRouter.js
FN:9,(anonymous_0)
FN:19,(anonymous_1)
FNF:2
FNH:2
FNDA:2,(anonymous_0)
FNDA:4,(anonymous_1)
DA:9,1
DA:10,2
DA:13,2
DA:19,2
DA:20,4
DA:21,4
DA:25,4
DA:28,2
LF:8
LH:8
BRDA:10,0,0,2
BRDA:10,0,1,2
BRF:2
BRH:2
end_of_record
TN:
SF:src/components/reusable/Dialog.js
FN:12,(anonymous_0)
FN:21,(anonymous_1)
FN:35,(anonymous_2)
FN:51,(anonymous_3)
FN:53,(anonymous_4)
FNF:5
FNH:2
FNDA:14,(anonymous_0)
FNDA:0,(anonymous_1)
FNDA:0,(anonymous_2)
FNDA:14,(anonymous_3)
FNDA:0,(anonymous_4)
DA:12,14
DA:21,1
DA:22,0
DA:24,0
DA:35,0
DA:45,1
DA:51,1
DA:52,14
DA:53,14
DA:55,14
DA:76,1
LF:11
LH:8
BRDA:25,0,0,0
BRDA:25,0,1,0
BRDA:27,1,0,0
BRDA:27,1,1,0
BRDA:52,2,0,14
BRDA:52,2,1,14
BRDA:53,3,0,14
BRDA:53,3,1,0
BRDA:62,4,0,14
BRDA:62,4,1,14
BRDA:65,5,0,14
BRDA:65,5,1,0
BRDA:69,6,0,14
BRDA:69,6,1,0
BRF:14
BRH:7
end_of_record
TN:
SF:src/components/reusable/Header.js
FN:9,(anonymous_0)
FNF:1
FNH:1
FNDA:2,(anonymous_0)
DA:9,1
DA:11,2
LF:2
LH:2
BRF:0
BRH:0
end_of_record
TN:
SF:src/components/reusable/Loader.js
FN:6,(anonymous_0)
FN:11,(anonymous_1)
FNF:2
FNH:0
FNDA:0,(anonymous_0)
FNDA:0,(anonymous_1)
DA:6,0
DA:7,0
DA:8,0
LF:3
LH:0
BRDA:9,0,0,0
BRDA:9,0,1,0
BRDA:10,1,0,0
BRDA:10,1,1,0
BRF:4
BRH:0
end_of_record
TN:
SF:src/components/reusable/SearchBar.js
FN:6,(anonymous_0)
FN:10,(anonymous_1)
FN:13,(anonymous_2)
FN:15,(anonymous_3)
FN:28,(anonymous_4)
FN:35,(anonymous_5)
FNF:6
FNH:5
FNDA:22,(anonymous_0)
FNDA:0,(anonymous_1)
FNDA:4,(anonymous_2)
FNDA:13,(anonymous_3)
FNDA:13,(anonymous_4)
FNDA:1,(anonymous_5)
DA:6,2
DA:7,22
DA:8,22
DA:9,22
DA:10,8
DA:12,22
DA:13,8
DA:15,22
DA:16,13
DA:17,0
DA:20,22
DA:29,13
DA:30,13
DA:36,1
DA:43,2
LF:15
LH:14
BRDA:8,0,0,22
BRDA:8,0,1,11
BRDA:9,1,0,8
BRDA:9,1,1,14
BRDA:12,2,0,8
BRDA:12,2,1,14
BRDA:16,3,0,0
BRDA:16,3,1,13
BRF:8
BRH:7
end_of_record
TN:
SF:src/components/reusable/Table.js
FN:13,(anonymous_0)
FN:23,(anonymous_1)
FN:33,(anonymous_2)
FN:46,(anonymous_3)
FN:60,(anonymous_4)
FN:63,(anonymous_5)
FN:103,(anonymous_6)
FN:104,(anonymous_7)
FNF:8
FNH:3
FNDA:120,(anonymous_0)
FNDA:0,(anonymous_1)
FNDA:25,(anonymous_2)
FNDA:120,(anonymous_3)
FNDA:0,(anonymous_4)
FNDA:0,(anonymous_5)
FNDA:0,(anonymous_6)
FNDA:0,(anonymous_7)
DA:13,120
DA:23,2
DA:33,2
DA:35,25
DA:36,25
DA:38,25
DA:47,120
DA:61,0
DA:64,0
DA:112,2
LF:10
LH:8
BRDA:35,0,0,25
BRDA:35,0,1,1
BRDA:36,1,0,25
BRDA:36,1,1,11
BRDA:39,2,0,25
BRDA:39,2,1,25
BRDA:40,3,0,25
BRDA:40,3,1,25
BRDA:49,4,0,120
BRDA:49,4,1,120
BRDA:50,5,0,120
BRDA:50,5,1,120
BRDA:66,6,0,0
BRDA:66,6,1,0
BRDA:67,7,0,0
BRDA:67,7,1,0
BRDA:79,8,0,25
BRDA:79,8,1,25
BRDA:79,9,0,25
BRDA:79,9,1,25
BRDA:90,10,0,25
BRDA:90,10,1,11
BRDA:95,11,0,25
BRDA:95,11,1,14
BRDA:98,12,0,14
BRDA:98,12,1,0
BRDA:100,13,0,14
BRDA:100,13,1,14
BRDA:101,14,0,14
BRDA:101,14,1,0
BRDA:102,15,0,14
BRDA:102,15,1,14
BRDA:103,16,0,14
BRDA:103,16,1,0
BRDA:104,17,0,14
BRDA:104,17,1,0
BRF:36
BRH:28
end_of_record
TN:
SF:src/services/RepoList.js
FN:28,(anonymous_0)
FN:39,(anonymous_1)
FN:50,(anonymous_2)
FN:61,(anonymous_3)
FN:75,(anonymous_4)
FN:93,(anonymous_5)
FN:105,(anonymous_6)
FN:119,(anonymous_7)
FN:142,(anonymous_8)
FN:142,(anonymous_9)
FN:146,(anonymous_10)
FN:159,(anonymous_11)
FN:168,(anonymous_12)
FN:168,(anonymous_13)
FN:175,(anonymous_14)
FN:191,(anonymous_15)
FN:200,(anonymous_16)
FN:200,(anonymous_17)
FN:207,(anonymous_18)
FN:220,(anonymous_19)
FN:232,(anonymous_20)
FN:234,(anonymous_21)
FN:235,(anonymous_22)
FN:236,(anonymous_23)
FNF:24
FNH:3
FNDA:0,(anonymous_0)
FNDA:0,(anonymous_1)
FNDA:10,(anonymous_2)
FNDA:0,(anonymous_3)
FNDA:1,(anonymous_4)
FNDA:1,(anonymous_5)
FNDA:0,(anonymous_6)
FNDA:0,(anonymous_7)
FNDA:0,(anonymous_8)
FNDA:0,(anonymous_9)
FNDA:0,(anonymous_10)
FNDA:0,(anonymous_11)
FNDA:0,(anonymous_12)
FNDA:0,(anonymous_13)
FNDA:0,(anonymous_14)
FNDA:0,(anonymous_15)
FNDA:0,(anonymous_16)
FNDA:0,(anonymous_17)
FNDA:0,(anonymous_18)
FNDA:0,(anonymous_19)
FNDA:0,(anonymous_20)
FNDA:0,(anonymous_21)
FNDA:0,(anonymous_22)
FNDA:0,(anonymous_23)
DA:5,1
DA:20,1
DA:21,1
DA:23,1
DA:28,1
DA:29,0
DA:33,0
DA:39,1
DA:40,0
DA:44,0
DA:50,1
DA:51,10
DA:55,10
DA:61,1
DA:62,0
DA:69,0
DA:75,1
DA:76,1
DA:83,1
DA:93,1
DA:94,1
DA:95,1
DA:96,1
DA:103,1
DA:104,1
DA:106,0
DA:117,0
DA:120,0
DA:123,0
DA:134,0
DA:142,1
DA:143,0
DA:144,0
DA:145,0
DA:147,0
DA:148,0
DA:149,0
DA:156,0
DA:157,0
DA:160,0
DA:168,1
DA:169,0
DA:173,0
DA:174,0
DA:176,0
DA:177,0
DA:178,0
DA:179,0
DA:180,0
DA:187,0
DA:188,0
DA:192,0
DA:200,1
DA:201,0
DA:205,0
DA:206,0
DA:208,0
DA:209,0
DA:210,0
DA:217,0
DA:218,0
DA:221,0
DA:232,1
DA:233,0
DA:234,0
DA:235,0
DA:236,0
DA:237,0
DA:242,0
LF:69
LH:23
BRDA:93,0,0,0
BRDA:94,1,0,1
BRDA:94,1,1,0
BRDA:94,2,0,1
BRDA:94,2,1,0
BRDA:94,3,0,0
BRDA:94,3,1,0
BRDA:95,4,0,1
BRDA:95,4,1,0
BRDA:112,5,0,0
BRDA:112,5,1,0
BRDA:114,6,0,0
BRDA:114,6,1,0
BRDA:142,7,0,0
BRDA:144,8,0,0
BRDA:144,8,1,0
BRDA:147,9,0,0
BRDA:147,9,1,0
BRDA:168,10,0,0
BRDA:173,11,0,0
BRDA:173,11,1,0
BRDA:176,12,0,0
BRDA:176,12,1,0
BRDA:176,13,0,0
BRDA:176,13,1,0
BRDA:178,14,0,0
BRDA:178,14,1,0
BRDA:200,15,0,0
BRDA:205,16,0,0
BRDA:205,16,1,0
BRDA:208,17,0,0
BRDA:208,17,1,0
BRDA:233,18,0,0
BRDA:233,18,1,0
BRF:34
BRH:3
end_of_record
TN:
SF:src/utils/Api.js
FN:4,(anonymous_0)
FN:12,_get
FN:49,_post
FNF:3
FNH:2
FNDA:1,(anonymous_0)
FNDA:1,_get
FNDA:0,_post
DA:4,1
DA:5,1
DA:9,1
DA:17,1
DA:18,1
DA:19,1
DA:20,1
DA:21,1
DA:22,1
DA:26,0
DA:28,0
DA:29,0
DA:32,0
DA:39,0
DA:40,0
DA:41,0
DA:43,0
DA:44,0
DA:55,0
DA:56,0
DA:57,0
DA:58,0
DA:59,0
DA:60,0
DA:61,0
DA:64,0
DA:66,0
DA:67,0
DA:70,0
DA:77,0
DA:78,0
DA:79,0
DA:81,0
DA:82,0
DA:87,1
LF:35
LH:10
BRDA:15,0,0,1
BRDA:22,1,0,0
BRDA:22,1,1,1
BRDA:28,2,0,0
BRDA:28,2,1,0
BRDA:34,3,0,0
BRDA:34,3,1,0
BRDA:35,4,0,0
BRDA:35,4,1,0
BRDA:36,5,0,0
BRDA:36,5,1,0
BRDA:43,6,0,0
BRDA:43,6,1,0
BRDA:44,7,0,0
BRDA:44,7,1,0
BRDA:53,8,0,0
BRDA:57,9,0,0
BRDA:57,9,1,0
BRDA:61,10,0,0
BRDA:61,10,1,0
BRDA:66,11,0,0
BRDA:66,11,1,0
BRDA:72,12,0,0
BRDA:72,12,1,0
BRDA:73,13,0,0
BRDA:73,13,1,0
BRDA:74,14,0,0
BRDA:74,14,1,0
BRDA:81,15,0,0
BRDA:81,15,1,0
BRDA:82,16,0,0
BRDA:82,16,1,0
BRF:32
BRH:2
end_of_record
TN:
SF:src/utils/Utility.js
FN:3,(anonymous_0)
FN:13,(anonymous_1)
FN:25,(anonymous_2)
FNF:3
FNH:1
FNDA:1,(anonymous_0)
FNDA:0,(anonymous_1)
FNDA:0,(anonymous_2)
DA:3,1
DA:4,1
DA:5,1
DA:6,5
DA:10,1
DA:13,1
DA:14,0
DA:15,0
DA:26,0
DA:27,0
LF:10
LH:6
BRDA:13,0,0,0
BRF:1
BRH:0
end_of_record
